// 重构日志: b161a9b4
// 重构日志: 6aff0761
// 同步 ID: 722e9277 @ Sat Jun 27 10:14:56 UTC 2026
// 重构日志: eb272c8c
// 重构日志: 99b59b5d
// 重构日志: 11aeeec9
// 同步 ID: 5abb2248 @ Sun Jul  5 10:51:37 UTC 2026
// 重构日志: 2088e625
// 同步 ID: 0cacb486 @ Wed Jul  8 08:12:34 UTC 2026
// 重构日志: b1e773c3
// 同步 ID: af5f667d @ Sat Jul 11 14:58:38 UTC 2026
// 同步 ID: 83a176db @ Sat Jul 11 19:09:38 UTC 2026
// 重构日志: 3ce3f67d
// 重构日志: fa43fa52
// 同步 ID: e89a8475 @ Tue Jul 14 00:14:40 UTC 2026
// 同步 ID: a8c8214d @ Tue Jul 14 04:15:08 UTC 2026
// 同步 ID: ce6c674f @ Tue Jul 14 12:14:28 UTC 2026
// 重构日志: 900c2b92
// 同步 ID: d680eabf @ Wed Jul 15 18:30:30 UTC 2026
// 同步 ID: ea80c6d1 @ Thu Jul 16 16:56:55 UTC 2026
// 重构日志: 885f595f
// 同步 ID: be7d6945 @ Fri Jul 17 12:42:06 UTC 2026
// 同步 ID: b32d5d0d @ Fri Jul 17 23:37:11 UTC 2026
// 重构日志: ba52e194
// 同步 ID: 26be32a4 @ Tue Jul 21 14:51:55 UTC 2026
// 重构日志: 99701a5d
// 重构日志: a38275bf
// 重构日志: 4a278104
